2021-07-05 09:23:21  [ main:0 ] - [ INFO ]  Started to decode: e4820b45d2277f3844eac66c903e84be
2021-07-05 09:23:21  [ main:3 ] - [ INFO ]  Anagram doesn't exist, started to find all anagrams
2021-07-05 09:23:21  [ main:12 ] - [ INFO ]  Finished finding all anagrams, MD5 hasg validation started
2021-07-05 09:23:21  [ main:20 ] - [ INFO ]  Phrase of e4820b45d2277f3844eac66c903e84be: []
2021-07-05 09:24:13  [ main:0 ] - [ INFO ]  Started to decode: e4820b45d2277f3844eac66c903e84be
2021-07-05 09:24:13  [ main:5 ] - [ INFO ]  Anagram doesn't exist, started to find all anagrams
2021-07-05 09:26:35  [ main:141892 ] - [ INFO ]  Finished finding all anagrams, MD5 hasg validation started
2021-07-05 09:26:35  [ main:141902 ] - [ INFO ]  Phrase of e4820b45d2277f3844eac66c903e84be: []
2021-07-05 09:26:42  [ main:0 ] - [ INFO ]  Started to decode: e4820b45d2277f3844eac66c903e84be
2021-07-05 09:26:42  [ main:3 ] - [ INFO ]  Anagram doesn't exist, started to find all anagrams
2021-07-05 09:26:42  [ main:16 ] - [ INFO ]  Finished finding all anagrams, MD5 hasg validation started
2021-07-05 09:26:42  [ main:38 ] - [ INFO ]  Phrase of e4820b45d2277f3844eac66c903e84be: [printout stout yawls]
2021-07-05 09:27:27  [ main:0 ] - [ INFO ]  Started to decode: e4820b45d2277f3844eac66c903e84be
2021-07-05 09:27:27  [ main:3 ] - [ INFO ]  Anagram doesn't exist, started to find all anagrams
2021-07-05 09:27:27  [ main:15 ] - [ INFO ]  Finished finding all anagrams, MD5 hasg validation started
2021-07-05 09:27:27  [ main:43 ] - [ INFO ]  Phrase of e4820b45d2277f3844eac66c903e84be: [printout stout yawls]
2021-07-05 09:27:27  [ main:48 ] - [ INFO ]  Started to decode: 23170acc097c24edb98fc5488ab033fe
2021-07-05 09:27:27  [ main:49 ] - [ INFO ]  Anagram exists and will be reused
2021-07-05 09:27:27  [ main:49 ] - [ INFO ]  Finished finding all anagrams, MD5 hasg validation started
2021-07-05 09:27:27  [ main:51 ] - [ INFO ]  Phrase of 23170acc097c24edb98fc5488ab033fe: [ty outlaws printouts]
2021-07-05 09:27:27  [ main:51 ] - [ INFO ]  Started to decode: 665e5bcb0c20062fe8abaaf4628bb154
2021-07-05 09:27:27  [ main:52 ] - [ INFO ]  Anagram exists and will be reused
2021-07-05 09:27:27  [ main:52 ] - [ INFO ]  Finished finding all anagrams, MD5 hasg validation started
2021-07-05 09:27:27  [ main:54 ] - [ INFO ]  Phrase of 665e5bcb0c20062fe8abaaf4628bb154: [wu lisp not statutory]
2021-07-05 09:35:51  [ main:0 ] - [ INFO ]  Started to decode: e4820b45d2277f3844eac66c903e84be
2021-07-05 09:35:51  [ main:3 ] - [ INFO ]  Anagram doesn't exist, started to find all anagrams
2021-07-05 09:35:51  [ main:20 ] - [ INFO ]  Finished finding all anagrams, MD5 hasg validation started
2021-07-05 09:35:51  [ main:50 ] - [ INFO ]  Phrase of e4820b45d2277f3844eac66c903e84be: [printout stout yawls]
2021-07-05 09:35:51  [ main:55 ] - [ INFO ]  Started to decode: 23170acc097c24edb98fc5488ab033fe
2021-07-05 09:35:51  [ main:55 ] - [ INFO ]  Anagram exists and will be reused
2021-07-05 09:35:51  [ main:56 ] - [ INFO ]  Finished finding all anagrams, MD5 hasg validation started
2021-07-05 09:35:51  [ main:57 ] - [ INFO ]  Phrase of 23170acc097c24edb98fc5488ab033fe: [ty outlaws printouts]
2021-07-05 09:35:51  [ main:58 ] - [ INFO ]  Started to decode: 665e5bcb0c20062fe8abaaf4628bb154
2021-07-05 09:35:51  [ main:58 ] - [ INFO ]  Anagram exists and will be reused
2021-07-05 09:35:51  [ main:59 ] - [ INFO ]  Finished finding all anagrams, MD5 hasg validation started
2021-07-05 09:35:51  [ main:61 ] - [ INFO ]  Phrase of 665e5bcb0c20062fe8abaaf4628bb154: [wu lisp not statutory]
2021-07-05 09:35:51  [ main:61 ] - [ INFO ]  Started to decode: ba1fdc3bf6cdcbe7bd7867470ebd3dd2
2021-07-05 09:35:51  [ main:62 ] - [ INFO ]  Anagram doesn't exist, started to find all anagrams
2021-07-05 09:35:51  [ main:64 ] - [ INFO ]  Finished finding all anagrams, MD5 hasg validation started
2021-07-05 09:35:51  [ main:65 ] - [ INFO ]  Phrase of ba1fdc3bf6cdcbe7bd7867470ebd3dd2: [trot li pust]
2021-07-05 09:38:31  [ main:0 ] - [ INFO ]  Started to decode: e4820b45d2277f3844eac66c903e84be
2021-07-05 09:38:31  [ main:2 ] - [ INFO ]  Anagram doesn't exist, started to find all anagrams
2021-07-05 09:38:31  [ main:18 ] - [ INFO ]  Finished finding all anagrams, MD5 hasg validation started
2021-07-05 09:38:31  [ main:41 ] - [ INFO ]  Phrase of e4820b45d2277f3844eac66c903e84be: [printout stout yawls]
2021-07-05 09:38:31  [ main:44 ] - [ INFO ]  Started to decode: 23170acc097c24edb98fc5488ab033fe
2021-07-05 09:38:31  [ main:45 ] - [ INFO ]  Anagram exists and will be reused
2021-07-05 09:38:31  [ main:46 ] - [ INFO ]  Finished finding all anagrams, MD5 hasg validation started
2021-07-05 09:38:31  [ main:47 ] - [ INFO ]  Phrase of 23170acc097c24edb98fc5488ab033fe: [ty outlaws printouts]
2021-07-05 09:38:31  [ main:47 ] - [ INFO ]  Started to decode: 665e5bcb0c20062fe8abaaf4628bb154
2021-07-05 09:38:31  [ main:47 ] - [ INFO ]  Anagram exists and will be reused
2021-07-05 09:38:31  [ main:48 ] - [ INFO ]  Finished finding all anagrams, MD5 hasg validation started
2021-07-05 09:38:31  [ main:49 ] - [ INFO ]  Phrase of 665e5bcb0c20062fe8abaaf4628bb154: [wu lisp not statutory]
2021-07-05 09:38:31  [ main:49 ] - [ INFO ]  Started to decode: ba1fdc3bf6cdcbe7bd7867470ebd3dd2
2021-07-05 09:38:31  [ main:50 ] - [ INFO ]  Anagram doesn't exist, started to find all anagrams
2021-07-05 09:38:31  [ main:51 ] - [ INFO ]  Finished finding all anagrams, MD5 hasg validation started
2021-07-05 09:38:31  [ main:52 ] - [ INFO ]  Phrase of ba1fdc3bf6cdcbe7bd7867470ebd3dd2: [trot li pust]
2021-07-05 09:38:31  [ main:54 ] - [ INFO ]  Started to decode: 056ca90e61a018955d4924385114a00c
2021-07-05 09:38:31  [ main:54 ] - [ INFO ]  Anagram doesn't exist, started to find all anagrams
2021-07-05 09:38:31  [ main:56 ] - [ INFO ]  Finished finding all anagrams, MD5 hasg validation started
2021-07-05 09:38:31  [ main:57 ] - [ INFO ]  Phrase of 056ca90e61a018955d4924385114a00c: []
2021-07-05 10:00:48  [ main:0 ] - [ INFO ]  Started to decode: e4820b45d2277f3844eac66c903e84be
2021-07-05 10:00:48  [ main:4 ] - [ INFO ]  Anagram doesn't exist, started to find all anagrams
2021-07-05 10:00:48  [ main:17 ] - [ INFO ]  Finished finding all anagrams, MD5 hasg validation started
2021-07-05 10:00:48  [ main:43 ] - [ INFO ]  Phrase of e4820b45d2277f3844eac66c903e84be: [printout stout yawls]
2021-07-05 10:00:48  [ main:47 ] - [ INFO ]  Started to decode: 23170acc097c24edb98fc5488ab033fe
2021-07-05 10:00:48  [ main:47 ] - [ INFO ]  Anagram exists and will be reused
2021-07-05 10:00:48  [ main:48 ] - [ INFO ]  Finished finding all anagrams, MD5 hasg validation started
2021-07-05 10:00:48  [ main:49 ] - [ INFO ]  Phrase of 23170acc097c24edb98fc5488ab033fe: [ty outlaws printouts]
2021-07-05 10:00:48  [ main:50 ] - [ INFO ]  Started to decode: 665e5bcb0c20062fe8abaaf4628bb154
2021-07-05 10:00:48  [ main:50 ] - [ INFO ]  Anagram exists and will be reused
2021-07-05 10:00:48  [ main:50 ] - [ INFO ]  Finished finding all anagrams, MD5 hasg validation started
2021-07-05 10:00:48  [ main:52 ] - [ INFO ]  Phrase of 665e5bcb0c20062fe8abaaf4628bb154: [wu lisp not statutory]
2021-07-05 10:00:48  [ main:53 ] - [ INFO ]  Started to decode: ba1fdc3bf6cdcbe7bd7867470ebd3dd2
2021-07-05 10:00:48  [ main:53 ] - [ INFO ]  Anagram doesn't exist, started to find all anagrams
2021-07-05 10:00:48  [ main:55 ] - [ INFO ]  Finished finding all anagrams, MD5 hasg validation started
2021-07-05 10:00:48  [ main:56 ] - [ INFO ]  Phrase of ba1fdc3bf6cdcbe7bd7867470ebd3dd2: [trot li pust]
2021-07-05 10:00:48  [ main:58 ] - [ INFO ]  Started to decode: 056ca90e61a018955d4924385114a00c
2021-07-05 10:00:48  [ main:58 ] - [ INFO ]  Anagram doesn't exist, started to find all anagrams
2021-07-05 10:00:48  [ main:60 ] - [ INFO ]  Finished finding all anagrams, MD5 hasg validation started
2021-07-05 10:00:48  [ main:61 ] - [ INFO ]  Phrase of 056ca90e61a018955d4924385114a00c: []
